INFO - 2024-06-04 02:01:25 --> Session: Class initialized using 'CodeIgniter\Session\Handlers\FileHandler' driver.
INFO - 2024-06-04 02:01:32 --> Session: Class initialized using 'CodeIgniter\Session\Handlers\FileHandler' driver.
INFO - 2024-06-04 02:01:35 --> Session: Class initialized using 'CodeIgniter\Session\Handlers\FileHandler' driver.
INFO - 2024-06-04 02:01:38 --> Session: Class initialized using 'CodeIgniter\Session\Handlers\FileHandler' driver.
INFO - 2024-06-04 02:06:06 --> Session: Class initialized using 'CodeIgniter\Session\Handlers\FileHandler' driver.
INFO - 2024-06-04 02:11:50 --> Session: Class initialized using 'CodeIgniter\Session\Handlers\FileHandler' driver.
INFO - 2024-06-04 02:11:53 --> Session: Class initialized using 'CodeIgniter\Session\Handlers\FileHandler' driver.
INFO - 2024-06-04 02:12:01 --> Session: Class initialized using 'CodeIgniter\Session\Handlers\FileHandler' driver.
INFO - 2024-06-04 02:12:01 --> Session: Class initialized using 'CodeIgniter\Session\Handlers\FileHandler' driver.
INFO - 2024-06-04 02:12:04 --> Session: Class initialized using 'CodeIgniter\Session\Handlers\FileHandler' driver.
INFO - 2024-06-04 02:12:27 --> Session: Class initialized using 'CodeIgniter\Session\Handlers\FileHandler' driver.
CRITICAL - 2024-06-04 02:12:27 --> CodeIgniter\Validation\Exceptions\ValidationException: "film" is not a validation rules group.
[Method: POST, Route: film/store]
in SYSTEMPATH\Validation\Validation.php on line 749.
 1 SYSTEMPATH\Validation\Validation.php(749): CodeIgniter\Validation\Exceptions\ValidationException::forGroupNotFound('film')
 2 SYSTEMPATH\Validation\Validation.php(148): CodeIgniter\Validation\Validation->loadRuleGroup('film')
 3 APPPATH\Controllers\Film.php(46): CodeIgniter\Validation\Validation->run([...], 'film')
 4 SYSTEMPATH\CodeIgniter.php(933): App\Controllers\Film->store()
 5 SYSTEMPATH\CodeIgniter.php(509): CodeIgniter\CodeIgniter->runController(Object(App\Controllers\Film))
 6 SYSTEMPATH\CodeIgniter.php(355): CodeIgniter\CodeIgniter->handleRequest(null, Object(Config\Cache), false)
 7 SYSTEMPATH\Boot.php(312): CodeIgniter\CodeIgniter->run()
 8 SYSTEMPATH\Boot.php(67): CodeIgniter\Boot::runCodeIgniter(Object(CodeIgniter\CodeIgniter))
 9 FCPATH\index.php(56): CodeIgniter\Boot::bootWeb(Object(Config\Paths))
10 SYSTEMPATH\Commands\Server\rewrite.php(49): require_once('C:\\xampp\\htdocs\\ians\\public\\index.php')
INFO - 2024-06-04 02:22:03 --> Session: Class initialized using 'CodeIgniter\Session\Handlers\FileHandler' driver.
CRITICAL - 2024-06-04 02:22:04 --> CodeIgniter\Validation\Exceptions\ValidationException: "film" is not a validation rules group.
[Method: POST, Route: film/store]
in SYSTEMPATH\Validation\Validation.php on line 749.
 1 SYSTEMPATH\Validation\Validation.php(749): CodeIgniter\Validation\Exceptions\ValidationException::forGroupNotFound('film')
 2 SYSTEMPATH\Validation\Validation.php(148): CodeIgniter\Validation\Validation->loadRuleGroup('film')
 3 APPPATH\Controllers\Film.php(46): CodeIgniter\Validation\Validation->run([...], 'film')
 4 SYSTEMPATH\CodeIgniter.php(933): App\Controllers\Film->store()
 5 SYSTEMPATH\CodeIgniter.php(509): CodeIgniter\CodeIgniter->runController(Object(App\Controllers\Film))
 6 SYSTEMPATH\CodeIgniter.php(355): CodeIgniter\CodeIgniter->handleRequest(null, Object(Config\Cache), false)
 7 SYSTEMPATH\Boot.php(312): CodeIgniter\CodeIgniter->run()
 8 SYSTEMPATH\Boot.php(67): CodeIgniter\Boot::runCodeIgniter(Object(CodeIgniter\CodeIgniter))
 9 FCPATH\index.php(56): CodeIgniter\Boot::bootWeb(Object(Config\Paths))
10 SYSTEMPATH\Commands\Server\rewrite.php(49): require_once('C:\\xampp\\htdocs\\ians\\public\\index.php')
INFO - 2024-06-04 04:06:14 --> Session: Class initialized using 'CodeIgniter\Session\Handlers\FileHandler' driver.
INFO - 2024-06-04 04:06:18 --> Session: Class initialized using 'CodeIgniter\Session\Handlers\FileHandler' driver.
INFO - 2024-06-04 04:07:30 --> Session: Class initialized using 'CodeIgniter\Session\Handlers\FileHandler' driver.
INFO - 2024-06-04 04:07:32 --> Session: Class initialized using 'CodeIgniter\Session\Handlers\FileHandler' driver.
INFO - 2024-06-04 04:07:53 --> Session: Class initialized using 'CodeIgniter\Session\Handlers\FileHandler' driver.
CRITICAL - 2024-06-04 04:07:53 --> CodeIgniter\Validation\Exceptions\ValidationException: "film" is not a validation rules group.
[Method: POST, Route: film/store]
in SYSTEMPATH\Validation\Validation.php on line 749.
 1 SYSTEMPATH\Validation\Validation.php(749): CodeIgniter\Validation\Exceptions\ValidationException::forGroupNotFound('film')
 2 SYSTEMPATH\Validation\Validation.php(148): CodeIgniter\Validation\Validation->loadRuleGroup('film')
 3 APPPATH\Controllers\Film.php(46): CodeIgniter\Validation\Validation->run([...], 'film')
 4 SYSTEMPATH\CodeIgniter.php(933): App\Controllers\Film->store()
 5 SYSTEMPATH\CodeIgniter.php(509): CodeIgniter\CodeIgniter->runController(Object(App\Controllers\Film))
 6 SYSTEMPATH\CodeIgniter.php(355): CodeIgniter\CodeIgniter->handleRequest(null, Object(Config\Cache), false)
 7 SYSTEMPATH\Boot.php(312): CodeIgniter\CodeIgniter->run()
 8 SYSTEMPATH\Boot.php(67): CodeIgniter\Boot::runCodeIgniter(Object(CodeIgniter\CodeIgniter))
 9 FCPATH\index.php(56): CodeIgniter\Boot::bootWeb(Object(Config\Paths))
10 SYSTEMPATH\Commands\Server\rewrite.php(49): require_once('C:\\xampp\\htdocs\\ians\\public\\index.php')
INFO - 2024-06-04 04:07:56 --> Session: Class initialized using 'CodeIgniter\Session\Handlers\FileHandler' driver.
INFO - 2024-06-04 04:08:01 --> Session: Class initialized using 'CodeIgniter\Session\Handlers\FileHandler' driver.
INFO - 2024-06-04 04:08:58 --> Session: Class initialized using 'CodeIgniter\Session\Handlers\FileHandler' driver.
INFO - 2024-06-04 04:09:00 --> Session: Class initialized using 'CodeIgniter\Session\Handlers\FileHandler' driver.
INFO - 2024-06-04 04:09:03 --> Session: Class initialized using 'CodeIgniter\Session\Handlers\FileHandler' driver.
INFO - 2024-06-04 04:09:30 --> Session: Class initialized using 'CodeIgniter\Session\Handlers\FileHandler' driver.
CRITICAL - 2024-06-04 04:09:30 --> CodeIgniter\Validation\Exceptions\ValidationException: "film" is not a validation rules group.
[Method: POST, Route: film/store]
in SYSTEMPATH\Validation\Validation.php on line 749.
 1 SYSTEMPATH\Validation\Validation.php(749): CodeIgniter\Validation\Exceptions\ValidationException::forGroupNotFound('film')
 2 SYSTEMPATH\Validation\Validation.php(148): CodeIgniter\Validation\Validation->loadRuleGroup('film')
 3 APPPATH\Controllers\Film.php(46): CodeIgniter\Validation\Validation->run([...], 'film')
 4 SYSTEMPATH\CodeIgniter.php(933): App\Controllers\Film->store()
 5 SYSTEMPATH\CodeIgniter.php(509): CodeIgniter\CodeIgniter->runController(Object(App\Controllers\Film))
 6 SYSTEMPATH\CodeIgniter.php(355): CodeIgniter\CodeIgniter->handleRequest(null, Object(Config\Cache), false)
 7 SYSTEMPATH\Boot.php(312): CodeIgniter\CodeIgniter->run()
 8 SYSTEMPATH\Boot.php(67): CodeIgniter\Boot::runCodeIgniter(Object(CodeIgniter\CodeIgniter))
 9 FCPATH\index.php(56): CodeIgniter\Boot::bootWeb(Object(Config\Paths))
10 SYSTEMPATH\Commands\Server\rewrite.php(49): require_once('C:\\xampp\\htdocs\\ians\\public\\index.php')
INFO - 2024-06-04 04:14:40 --> Session: Class initialized using 'CodeIgniter\Session\Handlers\FileHandler' driver.
CRITICAL - 2024-06-04 04:14:40 --> CodeIgniter\Validation\Exceptions\ValidationException: "film" is not a validation rules group.
[Method: POST, Route: film/store]
in SYSTEMPATH\Validation\Validation.php on line 749.
 1 SYSTEMPATH\Validation\Validation.php(749): CodeIgniter\Validation\Exceptions\ValidationException::forGroupNotFound('film')
 2 SYSTEMPATH\Validation\Validation.php(148): CodeIgniter\Validation\Validation->loadRuleGroup('film')
 3 APPPATH\Controllers\Film.php(46): CodeIgniter\Validation\Validation->run([...], 'film')
 4 SYSTEMPATH\CodeIgniter.php(933): App\Controllers\Film->store()
 5 SYSTEMPATH\CodeIgniter.php(509): CodeIgniter\CodeIgniter->runController(Object(App\Controllers\Film))
 6 SYSTEMPATH\CodeIgniter.php(355): CodeIgniter\CodeIgniter->handleRequest(null, Object(Config\Cache), false)
 7 SYSTEMPATH\Boot.php(312): CodeIgniter\CodeIgniter->run()
 8 SYSTEMPATH\Boot.php(67): CodeIgniter\Boot::runCodeIgniter(Object(CodeIgniter\CodeIgniter))
 9 FCPATH\index.php(56): CodeIgniter\Boot::bootWeb(Object(Config\Paths))
10 SYSTEMPATH\Commands\Server\rewrite.php(49): require_once('C:\\xampp\\htdocs\\ians\\public\\index.php')
INFO - 2024-06-04 04:14:48 --> Session: Class initialized using 'CodeIgniter\Session\Handlers\FileHandler' driver.
INFO - 2024-06-04 04:14:50 --> Session: Class initialized using 'CodeIgniter\Session\Handlers\FileHandler' driver.
CRITICAL - 2024-06-04 04:14:50 --> CodeIgniter\Validation\Exceptions\ValidationException: "film" is not a validation rules group.
[Method: POST, Route: film/store]
in SYSTEMPATH\Validation\Validation.php on line 749.
 1 SYSTEMPATH\Validation\Validation.php(749): CodeIgniter\Validation\Exceptions\ValidationException::forGroupNotFound('film')
 2 SYSTEMPATH\Validation\Validation.php(148): CodeIgniter\Validation\Validation->loadRuleGroup('film')
 3 APPPATH\Controllers\Film.php(46): CodeIgniter\Validation\Validation->run([...], 'film')
 4 SYSTEMPATH\CodeIgniter.php(933): App\Controllers\Film->store()
 5 SYSTEMPATH\CodeIgniter.php(509): CodeIgniter\CodeIgniter->runController(Object(App\Controllers\Film))
 6 SYSTEMPATH\CodeIgniter.php(355): CodeIgniter\CodeIgniter->handleRequest(null, Object(Config\Cache), false)
 7 SYSTEMPATH\Boot.php(312): CodeIgniter\CodeIgniter->run()
 8 SYSTEMPATH\Boot.php(67): CodeIgniter\Boot::runCodeIgniter(Object(CodeIgniter\CodeIgniter))
 9 FCPATH\index.php(56): CodeIgniter\Boot::bootWeb(Object(Config\Paths))
10 SYSTEMPATH\Commands\Server\rewrite.php(49): require_once('C:\\xampp\\htdocs\\ians\\public\\index.php')
INFO - 2024-06-04 04:28:22 --> Session: Class initialized using 'CodeIgniter\Session\Handlers\FileHandler' driver.
CRITICAL - 2024-06-04 04:28:22 --> CodeIgniter\Validation\Exceptions\ValidationException: "film" is not a validation rules group.
[Method: POST, Route: film/store]
in SYSTEMPATH\Validation\Validation.php on line 749.
 1 SYSTEMPATH\Validation\Validation.php(749): CodeIgniter\Validation\Exceptions\ValidationException::forGroupNotFound('film')
 2 SYSTEMPATH\Validation\Validation.php(148): CodeIgniter\Validation\Validation->loadRuleGroup('film')
 3 APPPATH\Controllers\Film.php(46): CodeIgniter\Validation\Validation->run([...], 'film')
 4 SYSTEMPATH\CodeIgniter.php(933): App\Controllers\Film->store()
 5 SYSTEMPATH\CodeIgniter.php(509): CodeIgniter\CodeIgniter->runController(Object(App\Controllers\Film))
 6 SYSTEMPATH\CodeIgniter.php(355): CodeIgniter\CodeIgniter->handleRequest(null, Object(Config\Cache), false)
 7 SYSTEMPATH\Boot.php(312): CodeIgniter\CodeIgniter->run()
 8 SYSTEMPATH\Boot.php(67): CodeIgniter\Boot::runCodeIgniter(Object(CodeIgniter\CodeIgniter))
 9 FCPATH\index.php(56): CodeIgniter\Boot::bootWeb(Object(Config\Paths))
10 SYSTEMPATH\Commands\Server\rewrite.php(49): require_once('C:\\xampp\\htdocs\\ians\\public\\index.php')
INFO - 2024-06-04 04:28:32 --> Session: Class initialized using 'CodeIgniter\Session\Handlers\FileHandler' driver.
INFO - 2024-06-04 04:28:35 --> Session: Class initialized using 'CodeIgniter\Session\Handlers\FileHandler' driver.
INFO - 2024-06-04 04:28:38 --> Session: Class initialized using 'CodeIgniter\Session\Handlers\FileHandler' driver.
INFO - 2024-06-04 04:28:44 --> Session: Class initialized using 'CodeIgniter\Session\Handlers\FileHandler' driver.
INFO - 2024-06-04 04:28:47 --> Session: Class initialized using 'CodeIgniter\Session\Handlers\FileHandler' driver.
INFO - 2024-06-04 04:28:50 --> Session: Class initialized using 'CodeIgniter\Session\Handlers\FileHandler' driver.
INFO - 2024-06-04 04:31:20 --> Session: Class initialized using 'CodeIgniter\Session\Handlers\FileHandler' driver.
CRITICAL - 2024-06-04 04:31:20 --> CodeIgniter\Validation\Exceptions\ValidationException: "film" is not a validation rules group.
[Method: POST, Route: film/store]
in SYSTEMPATH\Validation\Validation.php on line 749.
 1 SYSTEMPATH\Validation\Validation.php(749): CodeIgniter\Validation\Exceptions\ValidationException::forGroupNotFound('film')
 2 SYSTEMPATH\Validation\Validation.php(148): CodeIgniter\Validation\Validation->loadRuleGroup('film')
 3 APPPATH\Controllers\Film.php(46): CodeIgniter\Validation\Validation->run([...], 'film')
 4 SYSTEMPATH\CodeIgniter.php(933): App\Controllers\Film->store()
 5 SYSTEMPATH\CodeIgniter.php(509): CodeIgniter\CodeIgniter->runController(Object(App\Controllers\Film))
 6 SYSTEMPATH\CodeIgniter.php(355): CodeIgniter\CodeIgniter->handleRequest(null, Object(Config\Cache), false)
 7 SYSTEMPATH\Boot.php(312): CodeIgniter\CodeIgniter->run()
 8 SYSTEMPATH\Boot.php(67): CodeIgniter\Boot::runCodeIgniter(Object(CodeIgniter\CodeIgniter))
 9 FCPATH\index.php(56): CodeIgniter\Boot::bootWeb(Object(Config\Paths))
10 SYSTEMPATH\Commands\Server\rewrite.php(49): require_once('C:\\xampp\\htdocs\\ians\\public\\index.php')
INFO - 2024-06-04 04:34:00 --> Session: Class initialized using 'CodeIgniter\Session\Handlers\FileHandler' driver.
CRITICAL - 2024-06-04 04:34:00 --> CodeIgniter\Validation\Exceptions\ValidationException: "film" is not a validation rules group.
[Method: POST, Route: film/store]
in SYSTEMPATH\Validation\Validation.php on line 749.
 1 SYSTEMPATH\Validation\Validation.php(749): CodeIgniter\Validation\Exceptions\ValidationException::forGroupNotFound('film')
 2 SYSTEMPATH\Validation\Validation.php(148): CodeIgniter\Validation\Validation->loadRuleGroup('film')
 3 APPPATH\Controllers\Film.php(46): CodeIgniter\Validation\Validation->run([...], 'film')
 4 SYSTEMPATH\CodeIgniter.php(933): App\Controllers\Film->store()
 5 SYSTEMPATH\CodeIgniter.php(509): CodeIgniter\CodeIgniter->runController(Object(App\Controllers\Film))
 6 SYSTEMPATH\CodeIgniter.php(355): CodeIgniter\CodeIgniter->handleRequest(null, Object(Config\Cache), false)
 7 SYSTEMPATH\Boot.php(312): CodeIgniter\CodeIgniter->run()
 8 SYSTEMPATH\Boot.php(67): CodeIgniter\Boot::runCodeIgniter(Object(CodeIgniter\CodeIgniter))
 9 FCPATH\index.php(56): CodeIgniter\Boot::bootWeb(Object(Config\Paths))
10 SYSTEMPATH\Commands\Server\rewrite.php(49): require_once('C:\\xampp\\htdocs\\ians\\public\\index.php')
INFO - 2024-06-04 04:35:42 --> Session: Class initialized using 'CodeIgniter\Session\Handlers\FileHandler' driver.
INFO - 2024-06-04 04:35:42 --> Session: Class initialized using 'CodeIgniter\Session\Handlers\FileHandler' driver.
INFO - 2024-06-04 04:36:10 --> Session: Class initialized using 'CodeIgniter\Session\Handlers\FileHandler' driver.
INFO - 2024-06-04 04:36:11 --> Session: Class initialized using 'CodeIgniter\Session\Handlers\FileHandler' driver.
INFO - 2024-06-04 04:36:13 --> Session: Class initialized using 'CodeIgniter\Session\Handlers\FileHandler' driver.
INFO - 2024-06-04 04:37:49 --> Session: Class initialized using 'CodeIgniter\Session\Handlers\FileHandler' driver.
INFO - 2024-06-04 04:37:52 --> Session: Class initialized using 'CodeIgniter\Session\Handlers\FileHandler' driver.
INFO - 2024-06-04 04:38:13 --> Session: Class initialized using 'CodeIgniter\Session\Handlers\FileHandler' driver.
CRITICAL - 2024-06-04 04:38:13 --> ErrorException: Undefined array key "trailer"
[Method: POST, Route: film/store]
in APPPATH\Controllers\Film.php on line 58.
 1 APPPATH\Controllers\Film.php(58): CodeIgniter\Debug\Exceptions->errorHandler(2, 'Undefined array key "trailer"', 'C:\\xampp\\htdocs\\ians\\app\\Controllers\\Film.php', 58)
 2 SYSTEMPATH\CodeIgniter.php(933): App\Controllers\Film->store()
 3 SYSTEMPATH\CodeIgniter.php(509): CodeIgniter\CodeIgniter->runController(Object(App\Controllers\Film))
 4 SYSTEMPATH\CodeIgniter.php(355): CodeIgniter\CodeIgniter->handleRequest(null, Object(Config\Cache), false)
 5 SYSTEMPATH\Boot.php(312): CodeIgniter\CodeIgniter->run()
 6 SYSTEMPATH\Boot.php(67): CodeIgniter\Boot::runCodeIgniter(Object(CodeIgniter\CodeIgniter))
 7 FCPATH\index.php(56): CodeIgniter\Boot::bootWeb(Object(Config\Paths))
 8 SYSTEMPATH\Commands\Server\rewrite.php(49): require_once('C:\\xampp\\htdocs\\ians\\public\\index.php')
INFO - 2024-06-04 04:38:40 --> Session: Class initialized using 'CodeIgniter\Session\Handlers\FileHandler' driver.
INFO - 2024-06-04 04:38:46 --> Session: Class initialized using 'CodeIgniter\Session\Handlers\FileHandler' driver.
INFO - 2024-06-04 04:38:48 --> Session: Class initialized using 'CodeIgniter\Session\Handlers\FileHandler' driver.
INFO - 2024-06-04 04:39:15 --> Session: Class initialized using 'CodeIgniter\Session\Handlers\FileHandler' driver.
CRITICAL - 2024-06-04 04:39:15 --> ParseError: syntax error, unexpected token "=>", expecting "function" or "const"
[Method: POST, Route: film/store]
in APPPATH\Config\Validation.php on line 33.
 1 SYSTEMPATH\Autoloader\Autoloader.php(296): CodeIgniter\Autoloader\Autoloader->includeFile('C:\\xampp\\htdocs\\ians\\app\\Config\\Validation.php')
 2 SYSTEMPATH\Autoloader\Autoloader.php(272): CodeIgniter\Autoloader\Autoloader->loadInNamespace('Config\\Validation')
 3 [internal function]: CodeIgniter\Autoloader\Autoloader->loadClass('Config\\Validation')
 4 SYSTEMPATH\Config\Factories.php(297): class_exists('Config\\Validation')
 5 SYSTEMPATH\Config\Factories.php(216): CodeIgniter\Config\Factories::locateClass([...], 'Config\\Validation')
 6 SYSTEMPATH\Config\Factories.php(159): CodeIgniter\Config\Factories::getDefinedInstance([...], 'Config\\Validation', [])
 7 SYSTEMPATH\Config\Factories.php(188): CodeIgniter\Config\Factories::__callStatic('config', [])
 8 SYSTEMPATH\Common.php(207): CodeIgniter\Config\Factories::get('config', 'Config\\Validation')
 9 SYSTEMPATH\Config\Services.php(824): config('Config\\Validation')
10 SYSTEMPATH\Config\BaseService.php(311): CodeIgniter\Config\Services::validation(null, false)
11 SYSTEMPATH\Config\BaseService.php(250): CodeIgniter\Config\BaseService::__callStatic('validation', [...])
12 SYSTEMPATH\Config\Services.php(821): CodeIgniter\Config\BaseService::getSharedInstance('validation', null)
13 SYSTEMPATH\Config\BaseService.php(320): CodeIgniter\Config\Services::validation()
14 APPPATH\Controllers\Film.php(18): CodeIgniter\Config\BaseService::__callStatic('validation', [])
15 SYSTEMPATH\CodeIgniter.php(903): App\Controllers\Film->__construct()
16 SYSTEMPATH\CodeIgniter.php(500): CodeIgniter\CodeIgniter->createController()
17 SYSTEMPATH\CodeIgniter.php(355): CodeIgniter\CodeIgniter->handleRequest(null, Object(Config\Cache), false)
18 SYSTEMPATH\Boot.php(312): CodeIgniter\CodeIgniter->run()
19 SYSTEMPATH\Boot.php(67): CodeIgniter\Boot::runCodeIgniter(Object(CodeIgniter\CodeIgniter))
20 FCPATH\index.php(56): CodeIgniter\Boot::bootWeb(Object(Config\Paths))
21 SYSTEMPATH\Commands\Server\rewrite.php(49): require_once('C:\\xampp\\htdocs\\ians\\public\\index.php')
INFO - 2024-06-04 04:39:35 --> Session: Class initialized using 'CodeIgniter\Session\Handlers\FileHandler' driver.
CRITICAL - 2024-06-04 04:39:35 --> ParseError: syntax error, unexpected token "=>", expecting "function" or "const"
[Method: POST, Route: film/store]
in APPPATH\Config\Validation.php on line 33.
 1 SYSTEMPATH\Autoloader\Autoloader.php(296): CodeIgniter\Autoloader\Autoloader->includeFile('C:\\xampp\\htdocs\\ians\\app\\Config\\Validation.php')
 2 SYSTEMPATH\Autoloader\Autoloader.php(272): CodeIgniter\Autoloader\Autoloader->loadInNamespace('Config\\Validation')
 3 [internal function]: CodeIgniter\Autoloader\Autoloader->loadClass('Config\\Validation')
 4 SYSTEMPATH\Config\Factories.php(297): class_exists('Config\\Validation')
 5 SYSTEMPATH\Config\Factories.php(216): CodeIgniter\Config\Factories::locateClass([...], 'Config\\Validation')
 6 SYSTEMPATH\Config\Factories.php(159): CodeIgniter\Config\Factories::getDefinedInstance([...], 'Config\\Validation', [])
 7 SYSTEMPATH\Config\Factories.php(188): CodeIgniter\Config\Factories::__callStatic('config', [])
 8 SYSTEMPATH\Common.php(207): CodeIgniter\Config\Factories::get('config', 'Config\\Validation')
 9 SYSTEMPATH\Config\Services.php(824): config('Config\\Validation')
10 SYSTEMPATH\Config\BaseService.php(311): CodeIgniter\Config\Services::validation(null, false)
11 SYSTEMPATH\Config\BaseService.php(250): CodeIgniter\Config\BaseService::__callStatic('validation', [...])
12 SYSTEMPATH\Config\Services.php(821): CodeIgniter\Config\BaseService::getSharedInstance('validation', null)
13 SYSTEMPATH\Config\BaseService.php(320): CodeIgniter\Config\Services::validation()
14 APPPATH\Controllers\Film.php(18): CodeIgniter\Config\BaseService::__callStatic('validation', [])
15 SYSTEMPATH\CodeIgniter.php(903): App\Controllers\Film->__construct()
16 SYSTEMPATH\CodeIgniter.php(500): CodeIgniter\CodeIgniter->createController()
17 SYSTEMPATH\CodeIgniter.php(355): CodeIgniter\CodeIgniter->handleRequest(null, Object(Config\Cache), false)
18 SYSTEMPATH\Boot.php(312): CodeIgniter\CodeIgniter->run()
19 SYSTEMPATH\Boot.php(67): CodeIgniter\Boot::runCodeIgniter(Object(CodeIgniter\CodeIgniter))
20 FCPATH\index.php(56): CodeIgniter\Boot::bootWeb(Object(Config\Paths))
21 SYSTEMPATH\Commands\Server\rewrite.php(49): require_once('C:\\xampp\\htdocs\\ians\\public\\index.php')
INFO - 2024-06-04 04:39:39 --> Session: Class initialized using 'CodeIgniter\Session\Handlers\FileHandler' driver.
CRITICAL - 2024-06-04 04:39:39 --> ParseError: Unclosed '[' on line 26 does not match '}'
[Method: POST, Route: film/store]
in APPPATH\Config\Validation.php on line 32.
 1 SYSTEMPATH\Autoloader\Autoloader.php(296): CodeIgniter\Autoloader\Autoloader->includeFile('C:\\xampp\\htdocs\\ians\\app\\Config\\Validation.php')
 2 SYSTEMPATH\Autoloader\Autoloader.php(272): CodeIgniter\Autoloader\Autoloader->loadInNamespace('Config\\Validation')
 3 [internal function]: CodeIgniter\Autoloader\Autoloader->loadClass('Config\\Validation')
 4 SYSTEMPATH\Config\Factories.php(297): class_exists('Config\\Validation')
 5 SYSTEMPATH\Config\Factories.php(216): CodeIgniter\Config\Factories::locateClass([...], 'Config\\Validation')
 6 SYSTEMPATH\Config\Factories.php(159): CodeIgniter\Config\Factories::getDefinedInstance([...], 'Config\\Validation', [])
 7 SYSTEMPATH\Config\Factories.php(188): CodeIgniter\Config\Factories::__callStatic('config', [])
 8 SYSTEMPATH\Common.php(207): CodeIgniter\Config\Factories::get('config', 'Config\\Validation')
 9 SYSTEMPATH\Config\Services.php(824): config('Config\\Validation')
10 SYSTEMPATH\Config\BaseService.php(311): CodeIgniter\Config\Services::validation(null, false)
11 SYSTEMPATH\Config\BaseService.php(250): CodeIgniter\Config\BaseService::__callStatic('validation', [...])
12 SYSTEMPATH\Config\Services.php(821): CodeIgniter\Config\BaseService::getSharedInstance('validation', null)
13 SYSTEMPATH\Config\BaseService.php(320): CodeIgniter\Config\Services::validation()
14 APPPATH\Controllers\Film.php(18): CodeIgniter\Config\BaseService::__callStatic('validation', [])
15 SYSTEMPATH\CodeIgniter.php(903): App\Controllers\Film->__construct()
16 SYSTEMPATH\CodeIgniter.php(500): CodeIgniter\CodeIgniter->createController()
17 SYSTEMPATH\CodeIgniter.php(355): CodeIgniter\CodeIgniter->handleRequest(null, Object(Config\Cache), false)
18 SYSTEMPATH\Boot.php(312): CodeIgniter\CodeIgniter->run()
19 SYSTEMPATH\Boot.php(67): CodeIgniter\Boot::runCodeIgniter(Object(CodeIgniter\CodeIgniter))
20 FCPATH\index.php(56): CodeIgniter\Boot::bootWeb(Object(Config\Paths))
21 SYSTEMPATH\Commands\Server\rewrite.php(49): require_once('C:\\xampp\\htdocs\\ians\\public\\index.php')
INFO - 2024-06-04 04:39:52 --> Session: Class initialized using 'CodeIgniter\Session\Handlers\FileHandler' driver.
CRITICAL - 2024-06-04 04:39:52 --> TypeError: str_contains(): Argument #1 ($haystack) must be of type string, int given
[Method: POST, Route: film/store]
in SYSTEMPATH\Validation\Validation.php on line 172.
 1 SYSTEMPATH\Validation\Validation.php(172): str_contains(0, '*')
 2 APPPATH\Controllers\Film.php(45): CodeIgniter\Validation\Validation->run([...], 'film')
 3 SYSTEMPATH\CodeIgniter.php(933): App\Controllers\Film->store()
 4 SYSTEMPATH\CodeIgniter.php(509): CodeIgniter\CodeIgniter->runController(Object(App\Controllers\Film))
 5 SYSTEMPATH\CodeIgniter.php(355): CodeIgniter\CodeIgniter->handleRequest(null, Object(Config\Cache), false)
 6 SYSTEMPATH\Boot.php(312): CodeIgniter\CodeIgniter->run()
 7 SYSTEMPATH\Boot.php(67): CodeIgniter\Boot::runCodeIgniter(Object(CodeIgniter\CodeIgniter))
 8 FCPATH\index.php(56): CodeIgniter\Boot::bootWeb(Object(Config\Paths))
 9 SYSTEMPATH\Commands\Server\rewrite.php(49): require_once('C:\\xampp\\htdocs\\ians\\public\\index.php')
INFO - 2024-06-04 04:40:12 --> Session: Class initialized using 'CodeIgniter\Session\Handlers\FileHandler' driver.
CRITICAL - 2024-06-04 04:40:12 --> ErrorException: Undefined array key "trailer"
[Method: POST, Route: film/store]
in APPPATH\Controllers\Film.php on line 58.
 1 APPPATH\Controllers\Film.php(58): CodeIgniter\Debug\Exceptions->errorHandler(2, 'Undefined array key "trailer"', 'C:\\xampp\\htdocs\\ians\\app\\Controllers\\Film.php', 58)
 2 SYSTEMPATH\CodeIgniter.php(933): App\Controllers\Film->store()
 3 SYSTEMPATH\CodeIgniter.php(509): CodeIgniter\CodeIgniter->runController(Object(App\Controllers\Film))
 4 SYSTEMPATH\CodeIgniter.php(355): CodeIgniter\CodeIgniter->handleRequest(null, Object(Config\Cache), false)
 5 SYSTEMPATH\Boot.php(312): CodeIgniter\CodeIgniter->run()
 6 SYSTEMPATH\Boot.php(67): CodeIgniter\Boot::runCodeIgniter(Object(CodeIgniter\CodeIgniter))
 7 FCPATH\index.php(56): CodeIgniter\Boot::bootWeb(Object(Config\Paths))
 8 SYSTEMPATH\Commands\Server\rewrite.php(49): require_once('C:\\xampp\\htdocs\\ians\\public\\index.php')
INFO - 2024-06-04 04:41:00 --> Session: Class initialized using 'CodeIgniter\Session\Handlers\FileHandler' driver.
INFO - 2024-06-04 04:41:00 --> Session: Class initialized using 'CodeIgniter\Session\Handlers\FileHandler' driver.
INFO - 2024-06-04 04:41:27 --> Session: Class initialized using 'CodeIgniter\Session\Handlers\FileHandler' driver.
INFO - 2024-06-04 04:41:27 --> Session: Class initialized using 'CodeIgniter\Session\Handlers\FileHandler' driver.
INFO - 2024-06-04 04:41:31 --> Session: Class initialized using 'CodeIgniter\Session\Handlers\FileHandler' driver.
INFO - 2024-06-04 04:41:50 --> Session: Class initialized using 'CodeIgniter\Session\Handlers\FileHandler' driver.
INFO - 2024-06-04 04:42:18 --> Session: Class initialized using 'CodeIgniter\Session\Handlers\FileHandler' driver.
INFO - 2024-06-04 04:42:21 --> Session: Class initialized using 'CodeIgniter\Session\Handlers\FileHandler' driver.
INFO - 2024-06-04 04:44:19 --> Session: Class initialized using 'CodeIgniter\Session\Handlers\FileHandler' driver.
INFO - 2024-06-04 04:44:50 --> Session: Class initialized using 'CodeIgniter\Session\Handlers\FileHandler' driver.
INFO - 2024-06-04 04:45:09 --> Session: Class initialized using 'CodeIgniter\Session\Handlers\FileHandler' driver.
INFO - 2024-06-04 04:45:09 --> Session: Class initialized using 'CodeIgniter\Session\Handlers\FileHandler' driver.
INFO - 2024-06-04 04:45:13 --> Session: Class initialized using 'CodeIgniter\Session\Handlers\FileHandler' driver.
INFO - 2024-06-04 04:45:46 --> Session: Class initialized using 'CodeIgniter\Session\Handlers\FileHandler' driver.
INFO - 2024-06-04 04:45:56 --> Session: Class initialized using 'CodeIgniter\Session\Handlers\FileHandler' driver.
INFO - 2024-06-04 04:45:58 --> Session: Class initialized using 'CodeIgniter\Session\Handlers\FileHandler' driver.
INFO - 2024-06-04 04:46:00 --> Session: Class initialized using 'CodeIgniter\Session\Handlers\FileHandler' driver.
INFO - 2024-06-04 04:46:01 --> Session: Class initialized using 'CodeIgniter\Session\Handlers\FileHandler' driver.
INFO - 2024-06-04 04:46:02 --> Session: Class initialized using 'CodeIgniter\Session\Handlers\FileHandler' driver.
INFO - 2024-06-04 04:46:26 --> Session: Class initialized using 'CodeIgniter\Session\Handlers\FileHandler' driver.
INFO - 2024-06-04 04:46:26 --> Session: Class initialized using 'CodeIgniter\Session\Handlers\FileHandler' driver.
INFO - 2024-06-04 04:46:30 --> Session: Class initialized using 'CodeIgniter\Session\Handlers\FileHandler' driver.
INFO - 2024-06-04 04:47:09 --> Session: Class initialized using 'CodeIgniter\Session\Handlers\FileHandler' driver.
INFO - 2024-06-04 04:47:29 --> Session: Class initialized using 'CodeIgniter\Session\Handlers\FileHandler' driver.
INFO - 2024-06-04 04:47:29 --> Session: Class initialized using 'CodeIgniter\Session\Handlers\FileHandler' driver.
INFO - 2024-06-04 04:47:32 --> Session: Class initialized using 'CodeIgniter\Session\Handlers\FileHandler' driver.
